<?xml version="1.0" encoding="UTF-8"?>
<!-- Generated by org.testng.reporters.JUnitReportReporter -->
<testsuite hostname="DESKTOP-UV2DK3B" failures="0" tests="1" name="amazon.TestingAmazon" time="37.923" errors="0" timestamp="2022-10-26T11:02:20 IST" skipped="0">
  <testcase classname="amazon.TestingAmazon" name="testCase" time="37.923"/>
  <system-out/>
</testsuite> <!-- amazon.TestingAmazon -->
