<?xml version="1.0" encoding="UTF-8"?>
<!-- Generated by org.testng.reporters.JUnitReportReporter -->
<testsuite hostname="DESKTOP-UV2DK3B" failures="0" tests="1" name="Testing.TestNG" time="0.003" errors="0" timestamp="2022-11-02T11:49:15 IST" skipped="0">
  <testcase classname="Testing.TestNG" name="TC01" time="0.003"/>
  <system-out/>
</testsuite> <!-- Testing.TestNG -->
