<?xml version="1.0" encoding="UTF-8"?>
<!-- Generated by org.testng.reporters.JUnitReportReporter -->
<testsuite hostname="DESKTOP-UV2DK3B" failures="0" tests="3" name="Testing.TestNg1" time="0.011" errors="0" timestamp="2022-10-17T10:54:04 IST" skipped="0">
  <testcase classname="Testing.TestNg1" name="TC01" time="0.008"/>
  <system-out/>
  <testcase classname="Testing.TestNg1" name="TC03" time="0.001"/>
  <system-out/>
  <testcase classname="Testing.TestNg1" name="TC02" time="0.002"/>
  <system-out/>
</testsuite> <!-- Testing.TestNg1 -->
