<?xml version="1.0" encoding="UTF-8"?>
<!-- Generated by org.testng.reporters.JUnitReportReporter -->
<testsuite hostname="DESKTOP-UV2DK3B" failures="0" tests="1" name="Testing.Annotations" time="0.009" errors="0" timestamp="2022-11-02T11:49:15 IST" skipped="0">
  <testcase classname="Testing.Annotations" name="TC01" time="0.009"/>
  <system-out/>
</testsuite> <!-- Testing.Annotations -->
